{"C:\\Users\\Not_dtb\\Desktop\\Proyecto ecomart\\EcoMart-Ecommerce-Project\\frontend\\src\\assets\\gradBG.png": {"path":"C:\\Users\\Not_dtb\\Desktop\\Proyecto ecomart\\EcoMart-Ecommerce-Project\\frontend\\src\\assets\\gradBG.png","statementMap":{},"fnMap":{},"branchMap":{},"s":{},"f":{},"b":{},"meta":{"lastBranch":0,"lastFunction":0,"lastStatement":0,"seen":{}}}
,"C:\\Users\\Not_dtb\\Desktop\\Proyecto ecomart\\EcoMart-Ecommerce-Project\\frontend\\src\\components\\auth\\LoginForm.tsx": {"path":"C:\\Users\\Not_dtb\\Desktop\\Proyecto ecomart\\EcoMart-Ecommerce-Project\\frontend\\src\\components\\auth\\LoginForm.tsx","statementMap":{"0":{"start":{"line":9,"column":6},"end":{"line":135,"column":null}},"1":{"start":{"line":10,"column":8},"end":{"line":10,"column":32}},"2":{"start":{"line":11,"column":10},"end":{"line":11,"column":29}},"3":{"start":{"line":13,"column":19},"end":{"line":16,"column":4}},"4":{"start":{"line":18,"column":17},"end":{"line":18,"column":66}},"5":{"start":{"line":19,"column":23},"end":{"line":19,"column":54}},"6":{"start":{"line":20,"column":18},"end":{"line":20,"column":47}},"7":{"start":{"line":22,"column":8},"end":{"line":26,"column":null}},"8":{"start":{"line":23,"column":28},"end":{"line":23,"column":null}},"9":{"start":{"line":24,"column":4},"end":{"line":24,"column":null}},"10":{"start":{"line":24,"column":27},"end":{"line":24,"column":55}},"11":{"start":{"line":25,"column":4},"end":{"line":25,"column":null}},"12":{"start":{"line":25,"column":25},"end":{"line":25,"column":50}},"13":{"start":{"line":26,"column":4},"end":{"line":26,"column":null}},"14":{"start":{"line":29,"column":8},"end":{"line":43,"column":null}},"15":{"start":{"line":30,"column":46},"end":{"line":30,"column":48}},"16":{"start":{"line":32,"column":4},"end":{"line":35,"column":null}},"17":{"start":{"line":33,"column":6},"end":{"line":33,"column":null}},"18":{"start":{"line":34,"column":15},"end":{"line":35,"column":null}},"19":{"start":{"line":35,"column":6},"end":{"line":35,"column":null}},"20":{"start":{"line":38,"column":4},"end":{"line":39,"column":null}},"21":{"start":{"line":39,"column":6},"end":{"line":39,"column":null}},"22":{"start":{"line":42,"column":4},"end":{"line":42,"column":null}},"23":{"start":{"line":43,"column":4},"end":{"line":43,"column":null}},"24":{"start":{"line":46,"column":23},"end":{"line":65,"column":null}},"25":{"start":{"line":47,"column":4},"end":{"line":47,"column":null}},"26":{"start":{"line":48,"column":4},"end":{"line":48,"column":null}},"27":{"start":{"line":48,"column":21},"end":{"line":48,"column":null}},"28":{"start":{"line":50,"column":4},"end":{"line":50,"column":null}},"29":{"start":{"line":51,"column":4},"end":{"line":65,"column":null}},"30":{"start":{"line":52,"column":23},"end":{"line":52,"column":56}},"31":{"start":{"line":53,"column":6},"end":{"line":58,"column":null}},"32":{"start":{"line":59,"column":6},"end":{"line":59,"column":null}},"33":{"start":{"line":62,"column":8},"end":{"line":62,"column":null}},"34":{"start":{"line":63,"column":6},"end":{"line":63,"column":null}},"35":{"start":{"line":65,"column":6},"end":{"line":65,"column":null}},"36":{"start":{"line":69,"column":2},"end":{"line":135,"column":null}}},"fnMap":{"0":{"name":"(anonymous_0)","decl":{"start":{"line":9,"column":6},"end":{"line":9,"column":24}},"loc":{"start":{"line":9,"column":24},"end":{"line":135,"column":null}},"line":9},"1":{"name":"(anonymous_1)","decl":{"start":{"line":22,"column":8},"end":{"line":22,"column":24}},"loc":{"start":{"line":22,"column":67},"end":{"line":26,"column":null}},"line":22},"2":{"name":"(anonymous_2)","decl":{"start":{"line":24,"column":4},"end":{"line":24,"column":17}},"loc":{"start":{"line":24,"column":27},"end":{"line":24,"column":55}},"line":24},"3":{"name":"(anonymous_3)","decl":{"start":{"line":25,"column":4},"end":{"line":25,"column":15}},"loc":{"start":{"line":25,"column":25},"end":{"line":25,"column":50}},"line":25},"4":{"name":"(anonymous_4)","decl":{"start":{"line":29,"column":8},"end":{"line":29,"column":34}},"loc":{"start":{"line":29,"column":34},"end":{"line":43,"column":null}},"line":29},"5":{"name":"(anonymous_5)","decl":{"start":{"line":46,"column":23},"end":{"line":46,"column":30}},"loc":{"start":{"line":46,"column":53},"end":{"line":65,"column":null}},"line":46}},"branchMap":{"0":{"loc":{"start":{"line":32,"column":4},"end":{"line":35,"column":null}},"type":"if","locations":[{"start":{"line":32,"column":4},"end":{"line":35,"column":null}},{"start":{"line":34,"column":15},"end":{"line":35,"column":null}}],"line":32},"1":{"loc":{"start":{"line":34,"column":15},"end":{"line":35,"column":null}},"type":"if","locations":[{"start":{"line":34,"column":15},"end":{"line":35,"column":null}},{"start":{},"end":{}}],"line":34},"2":{"loc":{"start":{"line":38,"column":4},"end":{"line":39,"column":null}},"type":"if","locations":[{"start":{"line":38,"column":4},"end":{"line":39,"column":null}},{"start":{},"end":{}}],"line":38},"3":{"loc":{"start":{"line":48,"column":4},"end":{"line":48,"column":null}},"type":"if","locations":[{"start":{"line":48,"column":4},"end":{"line":48,"column":null}},{"start":{},"end":{}}],"line":48},"4":{"loc":{"start":{"line":62,"column":8},"end":{"line":62,"column":null}},"type":"binary-expr","locations":[{"start":{"line":62,"column":8},"end":{"line":62,"column":41}},{"start":{"line":62,"column":41},"end":{"line":62,"column":null}}],"line":62},"5":{"loc":{"start":{"line":115,"column":13},"end":{"line":117,"column":null}},"type":"binary-expr","locations":[{"start":{"line":115,"column":13},"end":{"line":115,"column":null}},{"start":{"line":116,"column":14},"end":{"line":117,"column":null}}],"line":115}},"s":{"0":1,"1":67,"2":67,"3":67,"4":67,"5":67,"6":67,"7":67,"8":55,"9":55,"10":55,"11":55,"12":55,"13":55,"14":67,"15":5,"16":5,"17":2,"18":3,"19":1,"20":5,"21":2,"22":5,"23":5,"24":67,"25":5,"26":5,"27":3,"28":2,"29":2,"30":2,"31":1,"32":1,"33":1,"34":1,"35":2,"36":67},"f":{"0":67,"1":55,"2":55,"3":55,"4":5,"5":5},"b":{"0":[2,3],"1":[1,2],"2":[2,3],"3":[3,2],"4":[1,0],"5":[67,1]},"meta":{"lastBranch":6,"lastFunction":6,"lastStatement":37,"seen":{"s:9:6:135:Infinity":0,"f:9:6:9:24":0,"s:10:8:10:32":1,"s:11:10:11:29":2,"s:13:19:16:4":3,"s:18:17:18:66":4,"s:19:23:19:54":5,"s:20:18:20:47":6,"s:22:8:26:Infinity":7,"f:22:8:22:24":1,"s:23:28:23:Infinity":8,"s:24:4:24:Infinity":9,"f:24:4:24:17":2,"s:24:27:24:55":10,"s:25:4:25:Infinity":11,"f:25:4:25:15":3,"s:25:25:25:50":12,"s:26:4:26:Infinity":13,"s:29:8:43:Infinity":14,"f:29:8:29:34":4,"s:30:46:30:48":15,"b:32:4:35:Infinity:34:15:35:Infinity":0,"s:32:4:35:Infinity":16,"s:33:6:33:Infinity":17,"b:34:15:35:Infinity:undefined:undefined:undefined:undefined":1,"s:34:15:35:Infinity":18,"s:35:6:35:Infinity":19,"b:38:4:39:Infinity:undefined:undefined:undefined:undefined":2,"s:38:4:39:Infinity":20,"s:39:6:39:Infinity":21,"s:42:4:42:Infinity":22,"s:43:4:43:Infinity":23,"s:46:23:65:Infinity":24,"f:46:23:46:30":5,"s:47:4:47:Infinity":25,"b:48:4:48:Infinity:undefined:undefined:undefined:undefined":3,"s:48:4:48:Infinity":26,"s:48:21:48:Infinity":27,"s:50:4:50:Infinity":28,"s:51:4:65:Infinity":29,"s:52:23:52:56":30,"s:53:6:58:Infinity":31,"s:59:6:59:Infinity":32,"s:62:8:62:Infinity":33,"b:62:8:62:41:62:41:62:Infinity":4,"s:63:6:63:Infinity":34,"s:65:6:65:Infinity":35,"s:69:2:135:Infinity":36,"b:115:13:115:Infinity:116:14:117:Infinity":5}}}
,"C:\\Users\\Not_dtb\\Desktop\\Proyecto ecomart\\EcoMart-Ecommerce-Project\\frontend\\src\\components\\auth\\RegisterForm.tsx": {"path":"C:\\Users\\Not_dtb\\Desktop\\Proyecto ecomart\\EcoMart-Ecommerce-Project\\frontend\\src\\components\\auth\\RegisterForm.tsx","statementMap":{"0":{"start":{"line":9,"column":6},"end":{"line":174,"column":null}},"1":{"start":{"line":10,"column":8},"end":{"line":10,"column":32}},"2":{"start":{"line":11,"column":10},"end":{"line":11,"column":29}},"3":{"start":{"line":13,"column":19},"end":{"line":18,"column":4}},"4":{"start":{"line":20,"column":17},"end":{"line":20,"column":66}},"5":{"start":{"line":21,"column":23},"end":{"line":21,"column":54}},"6":{"start":{"line":22,"column":18},"end":{"line":22,"column":47}},"7":{"start":{"line":24,"column":8},"end":{"line":28,"column":null}},"8":{"start":{"line":25,"column":28},"end":{"line":25,"column":null}},"9":{"start":{"line":26,"column":4},"end":{"line":26,"column":null}},"10":{"start":{"line":26,"column":27},"end":{"line":26,"column":55}},"11":{"start":{"line":27,"column":4},"end":{"line":27,"column":null}},"12":{"start":{"line":27,"column":25},"end":{"line":27,"column":50}},"13":{"start":{"line":28,"column":4},"end":{"line":28,"column":null}},"14":{"start":{"line":31,"column":8},"end":{"line":53,"column":null}},"15":{"start":{"line":32,"column":46},"end":{"line":32,"column":48}},"16":{"start":{"line":34,"column":4},"end":{"line":35,"column":null}},"17":{"start":{"line":35,"column":6},"end":{"line":35,"column":null}},"18":{"start":{"line":37,"column":4},"end":{"line":38,"column":null}},"19":{"start":{"line":38,"column":6},"end":{"line":38,"column":null}},"20":{"start":{"line":40,"column":4},"end":{"line":43,"column":null}},"21":{"start":{"line":41,"column":6},"end":{"line":41,"column":null}},"22":{"start":{"line":42,"column":15},"end":{"line":43,"column":null}},"23":{"start":{"line":43,"column":6},"end":{"line":43,"column":null}},"24":{"start":{"line":46,"column":4},"end":{"line":49,"column":null}},"25":{"start":{"line":47,"column":6},"end":{"line":47,"column":null}},"26":{"start":{"line":48,"column":15},"end":{"line":49,"column":null}},"27":{"start":{"line":49,"column":6},"end":{"line":49,"column":null}},"28":{"start":{"line":52,"column":4},"end":{"line":52,"column":null}},"29":{"start":{"line":53,"column":4},"end":{"line":53,"column":null}},"30":{"start":{"line":56,"column":23},"end":{"line":75,"column":null}},"31":{"start":{"line":57,"column":4},"end":{"line":57,"column":null}},"32":{"start":{"line":58,"column":4},"end":{"line":58,"column":null}},"33":{"start":{"line":58,"column":21},"end":{"line":58,"column":null}},"34":{"start":{"line":60,"column":4},"end":{"line":60,"column":null}},"35":{"start":{"line":61,"column":4},"end":{"line":75,"column":null}},"36":{"start":{"line":62,"column":23},"end":{"line":62,"column":59}},"37":{"start":{"line":63,"column":6},"end":{"line":68,"column":null}},"38":{"start":{"line":69,"column":6},"end":{"line":69,"column":null}},"39":{"start":{"line":72,"column":8},"end":{"line":72,"column":null}},"40":{"start":{"line":73,"column":6},"end":{"line":73,"column":null}},"41":{"start":{"line":75,"column":6},"end":{"line":75,"column":null}},"42":{"start":{"line":79,"column":2},"end":{"line":174,"column":null}}},"fnMap":{"0":{"name":"(anonymous_0)","decl":{"start":{"line":9,"column":6},"end":{"line":9,"column":27}},"loc":{"start":{"line":9,"column":27},"end":{"line":174,"column":null}},"line":9},"1":{"name":"(anonymous_1)","decl":{"start":{"line":24,"column":8},"end":{"line":24,"column":24}},"loc":{"start":{"line":24,"column":67},"end":{"line":28,"column":null}},"line":24},"2":{"name":"(anonymous_2)","decl":{"start":{"line":26,"column":4},"end":{"line":26,"column":17}},"loc":{"start":{"line":26,"column":27},"end":{"line":26,"column":55}},"line":26},"3":{"name":"(anonymous_3)","decl":{"start":{"line":27,"column":4},"end":{"line":27,"column":15}},"loc":{"start":{"line":27,"column":25},"end":{"line":27,"column":50}},"line":27},"4":{"name":"(anonymous_4)","decl":{"start":{"line":31,"column":8},"end":{"line":31,"column":34}},"loc":{"start":{"line":31,"column":34},"end":{"line":53,"column":null}},"line":31},"5":{"name":"(anonymous_5)","decl":{"start":{"line":56,"column":23},"end":{"line":56,"column":30}},"loc":{"start":{"line":56,"column":53},"end":{"line":75,"column":null}},"line":56}},"branchMap":{"0":{"loc":{"start":{"line":34,"column":4},"end":{"line":35,"column":null}},"type":"if","locations":[{"start":{"line":34,"column":4},"end":{"line":35,"column":null}},{"start":{},"end":{}}],"line":34},"1":{"loc":{"start":{"line":37,"column":4},"end":{"line":38,"column":null}},"type":"if","locations":[{"start":{"line":37,"column":4},"end":{"line":38,"column":null}},{"start":{},"end":{}}],"line":37},"2":{"loc":{"start":{"line":40,"column":4},"end":{"line":43,"column":null}},"type":"if","locations":[{"start":{"line":40,"column":4},"end":{"line":43,"column":null}},{"start":{"line":42,"column":15},"end":{"line":43,"column":null}}],"line":40},"3":{"loc":{"start":{"line":42,"column":15},"end":{"line":43,"column":null}},"type":"if","locations":[{"start":{"line":42,"column":15},"end":{"line":43,"column":null}},{"start":{},"end":{}}],"line":42},"4":{"loc":{"start":{"line":46,"column":4},"end":{"line":49,"column":null}},"type":"if","locations":[{"start":{"line":46,"column":4},"end":{"line":49,"column":null}},{"start":{"line":48,"column":15},"end":{"line":49,"column":null}}],"line":46},"5":{"loc":{"start":{"line":48,"column":15},"end":{"line":49,"column":null}},"type":"if","locations":[{"start":{"line":48,"column":15},"end":{"line":49,"column":null}},{"start":{},"end":{}}],"line":48},"6":{"loc":{"start":{"line":58,"column":4},"end":{"line":58,"column":null}},"type":"if","locations":[{"start":{"line":58,"column":4},"end":{"line":58,"column":null}},{"start":{},"end":{}}],"line":58},"7":{"loc":{"start":{"line":72,"column":8},"end":{"line":72,"column":null}},"type":"binary-expr","locations":[{"start":{"line":72,"column":8},"end":{"line":72,"column":41}},{"start":{"line":72,"column":41},"end":{"line":72,"column":null}}],"line":72},"8":{"loc":{"start":{"line":154,"column":13},"end":{"line":156,"column":null}},"type":"binary-expr","locations":[{"start":{"line":154,"column":13},"end":{"line":154,"column":null}},{"start":{"line":155,"column":14},"end":{"line":156,"column":null}}],"line":154}},"s":{"0":1,"1":20,"2":20,"3":20,"4":20,"5":20,"6":20,"7":20,"8":14,"9":14,"10":14,"11":14,"12":14,"13":14,"14":20,"15":3,"16":3,"17":3,"18":3,"19":3,"20":3,"21":2,"22":1,"23":1,"24":3,"25":2,"26":1,"27":1,"28":3,"29":3,"30":20,"31":3,"32":3,"33":3,"34":0,"35":0,"36":0,"37":0,"38":0,"39":0,"40":0,"41":0,"42":20},"f":{"0":20,"1":14,"2":14,"3":14,"4":3,"5":3},"b":{"0":[3,0],"1":[3,0],"2":[2,1],"3":[1,0],"4":[2,1],"5":[1,0],"6":[3,0],"7":[0,0],"8":[20,0]},"meta":{"lastBranch":9,"lastFunction":6,"lastStatement":43,"seen":{"s:9:6:174:Infinity":0,"f:9:6:9:27":0,"s:10:8:10:32":1,"s:11:10:11:29":2,"s:13:19:18:4":3,"s:20:17:20:66":4,"s:21:23:21:54":5,"s:22:18:22:47":6,"s:24:8:28:Infinity":7,"f:24:8:24:24":1,"s:25:28:25:Infinity":8,"s:26:4:26:Infinity":9,"f:26:4:26:17":2,"s:26:27:26:55":10,"s:27:4:27:Infinity":11,"f:27:4:27:15":3,"s:27:25:27:50":12,"s:28:4:28:Infinity":13,"s:31:8:53:Infinity":14,"f:31:8:31:34":4,"s:32:46:32:48":15,"b:34:4:35:Infinity:undefined:undefined:undefined:undefined":0,"s:34:4:35:Infinity":16,"s:35:6:35:Infinity":17,"b:37:4:38:Infinity:undefined:undefined:undefined:undefined":1,"s:37:4:38:Infinity":18,"s:38:6:38:Infinity":19,"b:40:4:43:Infinity:42:15:43:Infinity":2,"s:40:4:43:Infinity":20,"s:41:6:41:Infinity":21,"b:42:15:43:Infinity:undefined:undefined:undefined:undefined":3,"s:42:15:43:Infinity":22,"s:43:6:43:Infinity":23,"b:46:4:49:Infinity:48:15:49:Infinity":4,"s:46:4:49:Infinity":24,"s:47:6:47:Infinity":25,"b:48:15:49:Infinity:undefined:undefined:undefined:undefined":5,"s:48:15:49:Infinity":26,"s:49:6:49:Infinity":27,"s:52:4:52:Infinity":28,"s:53:4:53:Infinity":29,"s:56:23:75:Infinity":30,"f:56:23:56:30":5,"s:57:4:57:Infinity":31,"b:58:4:58:Infinity:undefined:undefined:undefined:undefined":6,"s:58:4:58:Infinity":32,"s:58:21:58:Infinity":33,"s:60:4:60:Infinity":34,"s:61:4:75:Infinity":35,"s:62:23:62:59":36,"s:63:6:68:Infinity":37,"s:69:6:69:Infinity":38,"s:72:8:72:Infinity":39,"b:72:8:72:41:72:41:72:Infinity":7,"s:73:6:73:Infinity":40,"s:75:6:75:Infinity":41,"s:79:2:174:Infinity":42,"b:154:13:154:Infinity:155:14:156:Infinity":8}}}
,"C:\\Users\\Not_dtb\\Desktop\\Proyecto ecomart\\EcoMart-Ecommerce-Project\\frontend\\src\\components\\carrito\\CarritoItem.tsx": {"path":"C:\\Users\\Not_dtb\\Desktop\\Proyecto ecomart\\EcoMart-Ecommerce-Project\\frontend\\src\\components\\carrito\\CarritoItem.tsx","statementMap":{"0":{"start":{"line":12,"column":6},"end":{"line":145,"column":null}},"1":{"start":{"line":13,"column":19},"end":{"line":13,"column":57}},"2":{"start":{"line":14,"column":23},"end":{"line":14,"column":57}},"3":{"start":{"line":15,"column":21},"end":{"line":15,"column":53}},"4":{"start":{"line":16,"column":8},"end":{"line":16,"column":72}},"5":{"start":{"line":18,"column":2},"end":{"line":20,"column":null}},"6":{"start":{"line":19,"column":4},"end":{"line":19,"column":null}},"7":{"start":{"line":22,"column":8},"end":{"line":38,"column":null}},"8":{"start":{"line":23,"column":4},"end":{"line":23,"column":null}},"9":{"start":{"line":23,"column":27},"end":{"line":23,"column":null}},"10":{"start":{"line":25,"column":4},"end":{"line":25,"column":null}},"11":{"start":{"line":27,"column":4},"end":{"line":28,"column":null}},"12":{"start":{"line":28,"column":6},"end":{"line":28,"column":null}},"13":{"start":{"line":31,"column":4},"end":{"line":38,"column":null}},"14":{"start":{"line":32,"column":6},"end":{"line":32,"column":null}},"15":{"start":{"line":33,"column":6},"end":{"line":36,"column":null}},"16":{"start":{"line":34,"column":8},"end":{"line":34,"column":null}},"17":{"start":{"line":36,"column":8},"end":{"line":36,"column":null}},"18":{"start":{"line":41,"column":25},"end":{"line":46,"column":null}},"19":{"start":{"line":42,"column":4},"end":{"line":42,"column":null}},"20":{"start":{"line":43,"column":4},"end":{"line":46,"column":null}},"21":{"start":{"line":44,"column":6},"end":{"line":44,"column":null}},"22":{"start":{"line":46,"column":6},"end":{"line":46,"column":null}},"23":{"start":{"line":50,"column":2},"end":{"line":145,"column":null}},"24":{"start":{"line":88,"column":25},"end":{"line":88,"column":53}},"25":{"start":{"line":115,"column":25},"end":{"line":115,"column":53}}},"fnMap":{"0":{"name":"(anonymous_0)","decl":{"start":{"line":12,"column":6},"end":{"line":12,"column":21}},"loc":{"start":{"line":12,"column":78},"end":{"line":145,"column":null}},"line":12},"1":{"name":"(anonymous_1)","decl":{"start":{"line":18,"column":2},"end":{"line":18,"column":18}},"loc":{"start":{"line":18,"column":18},"end":{"line":20,"column":6}},"line":18},"2":{"name":"(anonymous_2)","decl":{"start":{"line":22,"column":8},"end":{"line":22,"column":26}},"loc":{"start":{"line":22,"column":52},"end":{"line":38,"column":null}},"line":22},"3":{"name":"(anonymous_3)","decl":{"start":{"line":31,"column":37},"end":{"line":31,"column":49}},"loc":{"start":{"line":31,"column":49},"end":{"line":38,"column":11}},"line":31},"4":{"name":"(anonymous_4)","decl":{"start":{"line":41,"column":25},"end":{"line":41,"column":37}},"loc":{"start":{"line":41,"column":37},"end":{"line":46,"column":null}},"line":41},"5":{"name":"(anonymous_5)","decl":{"start":{"line":88,"column":10},"end":{"line":88,"column":25}},"loc":{"start":{"line":88,"column":25},"end":{"line":88,"column":53}},"line":88},"6":{"name":"(anonymous_6)","decl":{"start":{"line":115,"column":10},"end":{"line":115,"column":25}},"loc":{"start":{"line":115,"column":25},"end":{"line":115,"column":53}},"line":115}},"branchMap":{"0":{"loc":{"start":{"line":23,"column":4},"end":{"line":23,"column":null}},"type":"if","locations":[{"start":{"line":23,"column":4},"end":{"line":23,"column":null}},{"start":{},"end":{}}],"line":23},"1":{"loc":{"start":{"line":27,"column":4},"end":{"line":28,"column":null}},"type":"if","locations":[{"start":{"line":27,"column":4},"end":{"line":28,"column":null}},{"start":{},"end":{}}],"line":27},"2":{"loc":{"start":{"line":57,"column":17},"end":{"line":57,"column":null}},"type":"cond-expr","locations":[{"start":{"line":57,"column":46},"end":{"line":57,"column":52}},{"start":{"line":57,"column":52},"end":{"line":57,"column":null}}],"line":57},"3":{"loc":{"start":{"line":57,"column":17},"end":{"line":57,"column":46}},"type":"binary-expr","locations":[{"start":{"line":57,"column":17},"end":{"line":57,"column":33}},{"start":{"line":57,"column":33},"end":{"line":57,"column":46}}],"line":57},"4":{"loc":{"start":{"line":89,"column":20},"end":{"line":89,"column":null}},"type":"binary-expr","locations":[{"start":{"line":89,"column":20},"end":{"line":89,"column":37}},{"start":{"line":89,"column":37},"end":{"line":89,"column":53}},{"start":{"line":89,"column":53},"end":{"line":89,"column":null}}],"line":89},"5":{"loc":{"start":{"line":103,"column":11},"end":{"line":109,"column":null}},"type":"cond-expr","locations":[{"start":{"line":104,"column":12},"end":{"line":109,"column":null}},{"start":{"line":109,"column":12},"end":{"line":109,"column":null}}],"line":103},"6":{"loc":{"start":{"line":116,"column":20},"end":{"line":116,"column":null}},"type":"binary-expr","locations":[{"start":{"line":116,"column":20},"end":{"line":116,"column":36}},{"start":{"line":116,"column":36},"end":{"line":116,"column":null}}],"line":116}},"s":{"0":1,"1":7,"2":7,"3":7,"4":7,"5":7,"6":2,"7":7,"8":1,"9":0,"10":1,"11":1,"12":0,"13":1,"14":0,"15":0,"16":0,"17":0,"18":7,"19":1,"20":1,"21":1,"22":1,"23":7,"24":0,"25":1},"f":{"0":7,"1":2,"2":1,"3":0,"4":1,"5":0,"6":1},"b":{"0":[0,1],"1":[0,1],"2":[2,5],"3":[7,7],"4":[7,2,2],"5":[0,7],"6":[7,7]},"meta":{"lastBranch":7,"lastFunction":7,"lastStatement":26,"seen":{"s:12:6:145:Infinity":0,"f:12:6:12:21":0,"s:13:19:13:57":1,"s:14:23:14:57":2,"s:15:21:15:53":3,"s:16:8:16:72":4,"s:18:2:20:Infinity":5,"f:18:2:18:18":1,"s:19:4:19:Infinity":6,"s:22:8:38:Infinity":7,"f:22:8:22:26":2,"b:23:4:23:Infinity:undefined:undefined:undefined:undefined":0,"s:23:4:23:Infinity":8,"s:23:27:23:Infinity":9,"s:25:4:25:Infinity":10,"b:27:4:28:Infinity:undefined:undefined:undefined:undefined":1,"s:27:4:28:Infinity":11,"s:28:6:28:Infinity":12,"s:31:4:38:Infinity":13,"f:31:37:31:49":3,"s:32:6:32:Infinity":14,"s:33:6:36:Infinity":15,"s:34:8:34:Infinity":16,"s:36:8:36:Infinity":17,"s:41:25:46:Infinity":18,"f:41:25:41:37":4,"s:42:4:42:Infinity":19,"s:43:4:46:Infinity":20,"s:44:6:44:Infinity":21,"s:46:6:46:Infinity":22,"s:50:2:145:Infinity":23,"b:57:46:57:52:57:52:57:Infinity":2,"b:57:17:57:33:57:33:57:46":3,"f:88:10:88:25":5,"s:88:25:88:53":24,"b:89:20:89:37:89:37:89:53:89:53:89:Infinity":4,"b:104:12:109:Infinity:109:12:109:Infinity":5,"f:115:10:115:25":6,"s:115:25:115:53":25,"b:116:20:116:36:116:36:116:Infinity":6}}}
,"C:\\Users\\Not_dtb\\Desktop\\Proyecto ecomart\\EcoMart-Ecommerce-Project\\frontend\\src\\components\\carrito\\CarritoVacio.tsx": {"path":"C:\\Users\\Not_dtb\\Desktop\\Proyecto ecomart\\EcoMart-Ecommerce-Project\\frontend\\src\\components\\carrito\\CarritoVacio.tsx","statementMap":{"0":{"start":{"line":4,"column":6},"end":{"line":43,"column":null}},"1":{"start":{"line":5,"column":8},"end":{"line":5,"column":32}},"2":{"start":{"line":7,"column":2},"end":{"line":43,"column":null}},"3":{"start":{"line":39,"column":31},"end":{"line":39,"column":53}}},"fnMap":{"0":{"name":"(anonymous_0)","decl":{"start":{"line":4,"column":6},"end":{"line":4,"column":27}},"loc":{"start":{"line":4,"column":27},"end":{"line":43,"column":null}},"line":4},"1":{"name":"(anonymous_1)","decl":{"start":{"line":39,"column":16},"end":{"line":39,"column":31}},"loc":{"start":{"line":39,"column":31},"end":{"line":39,"column":53}},"line":39}},"branchMap":{},"s":{"0":1,"1":1,"2":1,"3":1},"f":{"0":1,"1":1},"b":{},"meta":{"lastBranch":0,"lastFunction":2,"lastStatement":4,"seen":{"s:4:6:43:Infinity":0,"f:4:6:4:27":0,"s:5:8:5:32":1,"s:7:2:43:Infinity":2,"f:39:16:39:31":1,"s:39:31:39:53":3}}}
,"C:\\Users\\Not_dtb\\Desktop\\Proyecto ecomart\\EcoMart-Ecommerce-Project\\frontend\\src\\components\\common\\Button.tsx": {"path":"C:\\Users\\Not_dtb\\Desktop\\Proyecto ecomart\\EcoMart-Ecommerce-Project\\frontend\\src\\components\\common\\Button.tsx","statementMap":{"0":{"start":{"line":14,"column":6},"end":{"line":55,"column":null}},"1":{"start":{"line":25,"column":20},"end":{"line":29,"column":null}},"2":{"start":{"line":31,"column":23},"end":{"line":34,"column":null}},"3":{"start":{"line":36,"column":2},"end":{"line":55,"column":null}}},"fnMap":{"0":{"name":"(anonymous_0)","decl":{"start":{"line":14,"column":6},"end":{"line":14,"column":16}},"loc":{"start":{"line":23,"column":19},"end":{"line":55,"column":null}},"line":23}},"branchMap":{"0":{"loc":{"start":{"line":16,"column":2},"end":{"line":16,"column":null}},"type":"default-arg","locations":[{"start":{"line":16,"column":9},"end":{"line":16,"column":null}}],"line":16},"1":{"loc":{"start":{"line":17,"column":2},"end":{"line":17,"column":null}},"type":"default-arg","locations":[{"start":{"line":17,"column":12},"end":{"line":17,"column":null}}],"line":17},"2":{"loc":{"start":{"line":18,"column":2},"end":{"line":18,"column":null}},"type":"default-arg","locations":[{"start":{"line":18,"column":9},"end":{"line":18,"column":null}}],"line":18},"3":{"loc":{"start":{"line":19,"column":2},"end":{"line":19,"column":null}},"type":"default-arg","locations":[{"start":{"line":19,"column":14},"end":{"line":19,"column":null}}],"line":19},"4":{"loc":{"start":{"line":20,"column":2},"end":{"line":20,"column":null}},"type":"default-arg","locations":[{"start":{"line":20,"column":13},"end":{"line":20,"column":null}}],"line":20},"5":{"loc":{"start":{"line":21,"column":2},"end":{"line":21,"column":null}},"type":"default-arg","locations":[{"start":{"line":21,"column":12},"end":{"line":21,"column":null}}],"line":21},"6":{"loc":{"start":{"line":39,"column":53},"end":{"line":39,"column":null}},"type":"cond-expr","locations":[{"start":{"line":39,"column":65},"end":{"line":39,"column":75}},{"start":{"line":39,"column":75},"end":{"line":39,"column":null}}],"line":39},"7":{"loc":{"start":{"line":40,"column":16},"end":{"line":40,"column":null}},"type":"binary-expr","locations":[{"start":{"line":40,"column":16},"end":{"line":40,"column":28}},{"start":{"line":40,"column":28},"end":{"line":40,"column":null}}],"line":40},"8":{"loc":{"start":{"line":43,"column":7},"end":{"line":53,"column":null}},"type":"cond-expr","locations":[{"start":{"line":44,"column":8},"end":{"line":51,"column":null}},{"start":{"line":53,"column":8},"end":{"line":53,"column":null}}],"line":43}},"s":{"0":6,"1":102,"2":102,"3":102},"f":{"0":102},"b":{"0":[102],"1":[102],"2":[102],"3":[102],"4":[102],"5":[102],"6":[96,6],"7":[102,101],"8":[4,98]},"meta":{"lastBranch":9,"lastFunction":1,"lastStatement":4,"seen":{"s:14:6:55:Infinity":0,"f:14:6:14:16":0,"b:16:9:16:Infinity":0,"b:17:12:17:Infinity":1,"b:18:9:18:Infinity":2,"b:19:14:19:Infinity":3,"b:20:13:20:Infinity":4,"b:21:12:21:Infinity":5,"s:25:20:29:Infinity":1,"s:31:23:34:Infinity":2,"s:36:2:55:Infinity":3,"b:39:65:39:75:39:75:39:Infinity":6,"b:40:16:40:28:40:28:40:Infinity":7,"b:44:8:51:Infinity:53:8:53:Infinity":8}}}
,"C:\\Users\\Not_dtb\\Desktop\\Proyecto ecomart\\EcoMart-Ecommerce-Project\\frontend\\src\\components\\common\\Input.tsx": {"path":"C:\\Users\\Not_dtb\\Desktop\\Proyecto ecomart\\EcoMart-Ecommerce-Project\\frontend\\src\\components\\common\\Input.tsx","statementMap":{"0":{"start":{"line":9,"column":6},"end":{"line":24,"column":null}},"1":{"start":{"line":10,"column":2},"end":{"line":24,"column":null}}},"fnMap":{"0":{"name":"(anonymous_0)","decl":{"start":{"line":9,"column":6},"end":{"line":9,"column":15}},"loc":{"start":{"line":9,"column":68},"end":{"line":24,"column":null}},"line":9}},"branchMap":{"0":{"loc":{"start":{"line":17,"column":35},"end":{"line":17,"column":null}},"type":"cond-expr","locations":[{"start":{"line":17,"column":43},"end":{"line":17,"column":58}},{"start":{"line":17,"column":58},"end":{"line":17,"column":null}}],"line":17},"1":{"loc":{"start":{"line":20,"column":7},"end":{"line":21,"column":null}},"type":"binary-expr","locations":[{"start":{"line":20,"column":7},"end":{"line":20,"column":null}},{"start":{"line":21,"column":8},"end":{"line":21,"column":null}}],"line":20},"2":{"loc":{"start":{"line":23,"column":7},"end":{"line":24,"column":null}},"type":"binary-expr","locations":[{"start":{"line":23,"column":7},"end":{"line":23,"column":15}},{"start":{"line":23,"column":15},"end":{"line":23,"column":null}},{"start":{"line":24,"column":8},"end":{"line":24,"column":null}}],"line":23}},"s":{"0":2,"1":214},"f":{"0":214},"b":{"0":[17,197],"1":[214,17],"2":[214,20,17]},"meta":{"lastBranch":3,"lastFunction":1,"lastStatement":2,"seen":{"s:9:6:24:Infinity":0,"f:9:6:9:15":0,"s:10:2:24:Infinity":1,"b:17:43:17:58:17:58:17:Infinity":0,"b:20:7:20:Infinity:21:8:21:Infinity":1,"b:23:7:23:15:23:15:23:Infinity:24:8:24:Infinity":2}}}
,"C:\\Users\\Not_dtb\\Desktop\\Proyecto ecomart\\EcoMart-Ecommerce-Project\\frontend\\src\\components\\productos\\ProductoCard.tsx": {"path":"C:\\Users\\Not_dtb\\Desktop\\Proyecto ecomart\\EcoMart-Ecommerce-Project\\frontend\\src\\components\\productos\\ProductoCard.tsx","statementMap":{"0":{"start":{"line":12,"column":48},"end":{"line":19,"column":null}},"1":{"start":{"line":21,"column":6},"end":{"line":158,"column":null}},"2":{"start":{"line":22,"column":19},"end":{"line":22,"column":45}},"3":{"start":{"line":23,"column":18},"end":{"line":23,"column":47}},"4":{"start":{"line":24,"column":19},"end":{"line":24,"column":49}},"5":{"start":{"line":26,"column":24},"end":{"line":34,"column":null}},"6":{"start":{"line":27,"column":4},"end":{"line":27,"column":null}},"7":{"start":{"line":28,"column":4},"end":{"line":34,"column":null}},"8":{"start":{"line":29,"column":6},"end":{"line":29,"column":null}},"9":{"start":{"line":30,"column":6},"end":{"line":30,"column":null}},"10":{"start":{"line":31,"column":6},"end":{"line":31,"column":null}},"11":{"start":{"line":32,"column":6},"end":{"line":32,"column":null}},"12":{"start":{"line":32,"column":23},"end":{"line":32,"column":41}},"13":{"start":{"line":34,"column":6},"end":{"line":34,"column":null}},"14":{"start":{"line":38,"column":20},"end":{"line":38,"column":null}},"15":{"start":{"line":40,"column":2},"end":{"line":158,"column":null}},"16":{"start":{"line":44,"column":28},"end":{"line":44,"column":null}},"17":{"start":{"line":45,"column":28},"end":{"line":45,"column":null}},"18":{"start":{"line":126,"column":29},"end":{"line":126,"column":73}},"19":{"start":{"line":126,"column":51},"end":{"line":126,"column":72}},"20":{"start":{"line":143,"column":29},"end":{"line":143,"column":86}},"21":{"start":{"line":143,"column":51},"end":{"line":143,"column":85}}},"fnMap":{"0":{"name":"(anonymous_0)","decl":{"start":{"line":21,"column":6},"end":{"line":21,"column":22}},"loc":{"start":{"line":21,"column":69},"end":{"line":158,"column":null}},"line":21},"1":{"name":"(anonymous_1)","decl":{"start":{"line":26,"column":24},"end":{"line":26,"column":36}},"loc":{"start":{"line":26,"column":36},"end":{"line":34,"column":null}},"line":26},"2":{"name":"(anonymous_2)","decl":{"start":{"line":32,"column":6},"end":{"line":32,"column":23}},"loc":{"start":{"line":32,"column":23},"end":{"line":32,"column":41}},"line":32},"3":{"name":"(anonymous_3)","decl":{"start":{"line":44,"column":6},"end":{"line":44,"column":21}},"loc":{"start":{"line":44,"column":28},"end":{"line":44,"column":null}},"line":44},"4":{"name":"(anonymous_4)","decl":{"start":{"line":45,"column":6},"end":{"line":45,"column":21}},"loc":{"start":{"line":45,"column":28},"end":{"line":45,"column":null}},"line":45},"5":{"name":"(anonymous_5)","decl":{"start":{"line":126,"column":14},"end":{"line":126,"column":29}},"loc":{"start":{"line":126,"column":29},"end":{"line":126,"column":73}},"line":126},"6":{"name":"(anonymous_6)","decl":{"start":{"line":126,"column":29},"end":{"line":126,"column":42}},"loc":{"start":{"line":126,"column":51},"end":{"line":126,"column":72}},"line":126},"7":{"name":"(anonymous_7)","decl":{"start":{"line":143,"column":14},"end":{"line":143,"column":29}},"loc":{"start":{"line":143,"column":29},"end":{"line":143,"column":86}},"line":143},"8":{"name":"(anonymous_8)","decl":{"start":{"line":143,"column":29},"end":{"line":143,"column":42}},"loc":{"start":{"line":143,"column":51},"end":{"line":143,"column":85}},"line":143}},"branchMap":{"0":{"loc":{"start":{"line":38,"column":20},"end":{"line":38,"column":null}},"type":"binary-expr","locations":[{"start":{"line":38,"column":20},"end":{"line":38,"column":42}},{"start":{"line":38,"column":42},"end":{"line":38,"column":null}}],"line":38},"1":{"loc":{"start":{"line":60,"column":9},"end":{"line":71,"column":null}},"type":"cond-expr","locations":[{"start":{"line":61,"column":10},"end":{"line":71,"column":11}},{"start":{"line":71,"column":10},"end":{"line":71,"column":null}}],"line":60},"2":{"loc":{"start":{"line":78,"column":9},"end":{"line":81,"column":null}},"type":"binary-expr","locations":[{"start":{"line":78,"column":9},"end":{"line":78,"column":null}},{"start":{"line":79,"column":10},"end":{"line":81,"column":null}}],"line":78},"3":{"loc":{"start":{"line":91,"column":9},"end":{"line":104,"column":null}},"type":"binary-expr","locations":[{"start":{"line":91,"column":9},"end":{"line":91,"column":null}},{"start":{"line":92,"column":10},"end":{"line":104,"column":null}}],"line":91},"4":{"loc":{"start":{"line":119,"column":11},"end":{"line":119,"column":null}},"type":"cond-expr","locations":[{"start":{"line":119,"column":32},"end":{"line":119,"column":66}},{"start":{"line":119,"column":66},"end":{"line":119,"column":null}}],"line":119},"5":{"loc":{"start":{"line":157,"column":13},"end":{"line":157,"column":null}},"type":"cond-expr","locations":[{"start":{"line":157,"column":24},"end":{"line":157,"column":39}},{"start":{"line":157,"column":39},"end":{"line":157,"column":null}}],"line":157}},"s":{"0":2,"1":2,"2":9,"3":9,"4":9,"5":9,"6":1,"7":1,"8":1,"9":1,"10":1,"11":1,"12":0,"13":1,"14":9,"15":9,"16":3,"17":0,"18":1,"19":1,"20":1,"21":1},"f":{"0":9,"1":1,"2":0,"3":3,"4":0,"5":1,"6":1,"7":1,"8":1},"b":{"0":[9,9],"1":[0,9],"2":[9,9],"3":[9,9],"4":[8,1],"5":[1,8]},"meta":{"lastBranch":6,"lastFunction":9,"lastStatement":22,"seen":{"s:12:48:19:Infinity":0,"s:21:6:158:Infinity":1,"f:21:6:21:22":0,"s:22:19:22:45":2,"s:23:18:23:47":3,"s:24:19:24:49":4,"s:26:24:34:Infinity":5,"f:26:24:26:36":1,"s:27:4:27:Infinity":6,"s:28:4:34:Infinity":7,"s:29:6:29:Infinity":8,"s:30:6:30:Infinity":9,"s:31:6:31:Infinity":10,"s:32:6:32:Infinity":11,"f:32:6:32:23":2,"s:32:23:32:41":12,"s:34:6:34:Infinity":13,"s:38:20:38:Infinity":14,"b:38:20:38:42:38:42:38:Infinity":0,"s:40:2:158:Infinity":15,"f:44:6:44:21":3,"s:44:28:44:Infinity":16,"f:45:6:45:21":4,"s:45:28:45:Infinity":17,"b:61:10:71:11:71:10:71:Infinity":1,"b:78:9:78:Infinity:79:10:81:Infinity":2,"b:91:9:91:Infinity:92:10:104:Infinity":3,"b:119:32:119:66:119:66:119:Infinity":4,"f:126:14:126:29":5,"s:126:29:126:73":18,"f:126:29:126:42":6,"s:126:51:126:72":19,"f:143:14:143:29":7,"s:143:29:143:86":20,"f:143:29:143:42":8,"s:143:51:143:85":21,"b:157:24:157:39:157:39:157:Infinity":5}}}
,"C:\\Users\\Not_dtb\\Desktop\\Proyecto ecomart\\EcoMart-Ecommerce-Project\\frontend\\src\\components\\productos\\ProductoList.tsx": {"path":"C:\\Users\\Not_dtb\\Desktop\\Proyecto ecomart\\EcoMart-Ecommerce-Project\\frontend\\src\\components\\productos\\ProductoList.tsx","statementMap":{"0":{"start":{"line":9,"column":6},"end":{"line":28,"column":null}},"1":{"start":{"line":10,"column":2},"end":{"line":16,"column":null}},"2":{"start":{"line":11,"column":4},"end":{"line":16,"column":null}},"3":{"start":{"line":21,"column":2},"end":{"line":28,"column":null}},"4":{"start":{"line":24,"column":8},"end":{"line":26,"column":null}}},"fnMap":{"0":{"name":"(anonymous_0)","decl":{"start":{"line":9,"column":6},"end":{"line":9,"column":22}},"loc":{"start":{"line":9,"column":70},"end":{"line":28,"column":null}},"line":9},"1":{"name":"(anonymous_1)","decl":{"start":{"line":23,"column":17},"end":{"line":23,"column":22}},"loc":{"start":{"line":24,"column":8},"end":{"line":26,"column":null}},"line":24}},"branchMap":{"0":{"loc":{"start":{"line":10,"column":2},"end":{"line":16,"column":null}},"type":"if","locations":[{"start":{"line":10,"column":2},"end":{"line":16,"column":null}},{"start":{},"end":{}}],"line":10}},"s":{"0":1,"1":2,"2":1,"3":1,"4":1},"f":{"0":2,"1":1},"b":{"0":[1,1]},"meta":{"lastBranch":1,"lastFunction":2,"lastStatement":5,"seen":{"s:9:6:28:Infinity":0,"f:9:6:9:22":0,"b:10:2:16:Infinity:undefined:undefined:undefined:undefined":0,"s:10:2:16:Infinity":1,"s:11:4:16:Infinity":2,"s:21:2:28:Infinity":3,"f:23:17:23:22":1,"s:24:8:26:Infinity":4}}}
,"C:\\Users\\Not_dtb\\Desktop\\Proyecto ecomart\\EcoMart-Ecommerce-Project\\frontend\\src\\context\\AuthContext.tsx": {"path":"C:\\Users\\Not_dtb\\Desktop\\Proyecto ecomart\\EcoMart-Ecommerce-Project\\frontend\\src\\context\\AuthContext.tsx","statementMap":{"0":{"start":{"line":18,"column":13},"end":{"line":18,"column":80}},"1":{"start":{"line":20,"column":13},"end":{"line":47,"column":null}},"2":{"start":{"line":21,"column":16},"end":{"line":22,"column":null}},"3":{"start":{"line":24,"column":15},"end":{"line":25,"column":null}},"4":{"start":{"line":28,"column":8},"end":{"line":32,"column":null}},"5":{"start":{"line":29,"column":4},"end":{"line":29,"column":null}},"6":{"start":{"line":30,"column":4},"end":{"line":30,"column":null}},"7":{"start":{"line":31,"column":4},"end":{"line":31,"column":null}},"8":{"start":{"line":32,"column":4},"end":{"line":32,"column":null}},"9":{"start":{"line":35,"column":8},"end":{"line":39,"column":null}},"10":{"start":{"line":36,"column":4},"end":{"line":36,"column":null}},"11":{"start":{"line":37,"column":4},"end":{"line":37,"column":null}},"12":{"start":{"line":38,"column":4},"end":{"line":38,"column":null}},"13":{"start":{"line":39,"column":4},"end":{"line":39,"column":null}},"14":{"start":{"line":42,"column":2},"end":{"line":47,"column":null}}},"fnMap":{"0":{"name":"(anonymous_0)","decl":{"start":{"line":20,"column":13},"end":{"line":20,"column":29}},"loc":{"start":{"line":20,"column":71},"end":{"line":47,"column":null}},"line":20},"1":{"name":"(anonymous_1)","decl":{"start":{"line":28,"column":8},"end":{"line":28,"column":17}},"loc":{"start":{"line":28,"column":53},"end":{"line":32,"column":null}},"line":28},"2":{"name":"(anonymous_2)","decl":{"start":{"line":35,"column":8},"end":{"line":35,"column":23}},"loc":{"start":{"line":35,"column":23},"end":{"line":39,"column":null}},"line":35}},"branchMap":{"0":{"loc":{"start":{"line":25,"column":15},"end":{"line":25,"column":54}},"type":"binary-expr","locations":[{"start":{"line":25,"column":15},"end":{"line":25,"column":43}},{"start":{"line":25,"column":47},"end":{"line":25,"column":54}}],"line":25}},"s":{"0":2,"1":2,"2":5,"3":5,"4":5,"5":2,"6":2,"7":2,"8":2,"9":5,"10":1,"11":1,"12":1,"13":1,"14":5},"f":{"0":5,"1":2,"2":1},"b":{"0":[5,5]},"meta":{"lastBranch":1,"lastFunction":3,"lastStatement":15,"seen":{"s:18:13:18:80":0,"s:20:13:47:Infinity":1,"f:20:13:20:29":0,"s:21:16:22:Infinity":2,"s:24:15:25:Infinity":3,"b:25:15:25:43:25:47:25:54":0,"s:28:8:32:Infinity":4,"f:28:8:28:17":1,"s:29:4:29:Infinity":5,"s:30:4:30:Infinity":6,"s:31:4:31:Infinity":7,"s:32:4:32:Infinity":8,"s:35:8:39:Infinity":9,"f:35:8:35:23":2,"s:36:4:36:Infinity":10,"s:37:4:37:Infinity":11,"s:38:4:38:Infinity":12,"s:39:4:39:Infinity":13,"s:42:2:47:Infinity":14}}}
,"C:\\Users\\Not_dtb\\Desktop\\Proyecto ecomart\\EcoMart-Ecommerce-Project\\frontend\\src\\hooks\\useAuth.ts": {"path":"C:\\Users\\Not_dtb\\Desktop\\Proyecto ecomart\\EcoMart-Ecommerce-Project\\frontend\\src\\hooks\\useAuth.ts","statementMap":{"0":{"start":{"line":4,"column":13},"end":{"line":4,"column":52}}},"fnMap":{"0":{"name":"(anonymous_0)","decl":{"start":{"line":4,"column":13},"end":{"line":4,"column":29}},"loc":{"start":{"line":4,"column":13},"end":{"line":4,"column":52}},"line":4}},"branchMap":{},"s":{"0":25},"f":{"0":25},"b":{},"meta":{"lastBranch":0,"lastFunction":1,"lastStatement":1,"seen":{"s:4:13:4:52":0,"f:4:13:4:29":0}}}
,"C:\\Users\\Not_dtb\\Desktop\\Proyecto ecomart\\EcoMart-Ecommerce-Project\\frontend\\src\\services\\api.ts": {"path":"C:\\Users\\Not_dtb\\Desktop\\Proyecto ecomart\\EcoMart-Ecommerce-Project\\frontend\\src\\services\\api.ts","statementMap":{"0":{"start":{"line":3,"column":12},"end":{"line":8,"column":2}},"1":{"start":{"line":11,"column":0},"end":{"line":17,"column":null}},"2":{"start":{"line":12,"column":16},"end":{"line":12,"column":45}},"3":{"start":{"line":13,"column":2},"end":{"line":14,"column":null}},"4":{"start":{"line":14,"column":4},"end":{"line":14,"column":null}},"5":{"start":{"line":16,"column":2},"end":{"line":16,"column":null}},"6":{"start":{"line":20,"column":0},"end":{"line":36,"column":null}},"7":{"start":{"line":21,"column":16},"end":{"line":21,"column":null}},"8":{"start":{"line":24,"column":6},"end":{"line":25,"column":51}},"9":{"start":{"line":29,"column":4},"end":{"line":31,"column":null}},"10":{"start":{"line":30,"column":6},"end":{"line":30,"column":null}},"11":{"start":{"line":31,"column":6},"end":{"line":31,"column":null}},"12":{"start":{"line":34,"column":4},"end":{"line":34,"column":null}}},"fnMap":{"0":{"name":"(anonymous_0)","decl":{"start":{"line":11,"column":25},"end":{"line":11,"column":30}},"loc":{"start":{"line":11,"column":41},"end":{"line":17,"column":null}},"line":11},"1":{"name":"(anonymous_1)","decl":{"start":{"line":20,"column":26},"end":{"line":20,"column":null}},"loc":{"start":{"line":21,"column":16},"end":{"line":21,"column":null}},"line":21},"2":{"name":"(anonymous_2)","decl":{"start":{"line":21,"column":16},"end":{"line":21,"column":null}},"loc":{"start":{"line":22,"column":13},"end":{"line":36,"column":null}},"line":22}},"branchMap":{"0":{"loc":{"start":{"line":13,"column":2},"end":{"line":14,"column":null}},"type":"if","locations":[{"start":{"line":13,"column":2},"end":{"line":14,"column":null}},{"start":{},"end":{}}],"line":13},"1":{"loc":{"start":{"line":24,"column":6},"end":{"line":25,"column":51}},"type":"binary-expr","locations":[{"start":{"line":24,"column":6},"end":{"line":24,"column":48}},{"start":{"line":25,"column":6},"end":{"line":25,"column":51}}],"line":24},"2":{"loc":{"start":{"line":29,"column":4},"end":{"line":31,"column":null}},"type":"if","locations":[{"start":{"line":29,"column":4},"end":{"line":31,"column":null}},{"start":{},"end":{}}],"line":29},"3":{"loc":{"start":{"line":29,"column":8},"end":{"line":29,"column":59}},"type":"binary-expr","locations":[{"start":{"line":29,"column":8},"end":{"line":29,"column":42}},{"start":{"line":29,"column":42},"end":{"line":29,"column":59}}],"line":29}},"s":{"0":4,"1":4,"2":0,"3":0,"4":0,"5":0,"6":4,"7":0,"8":0,"9":0,"10":0,"11":0,"12":0},"f":{"0":0,"1":0,"2":0},"b":{"0":[0,0],"1":[0,0],"2":[0,0],"3":[0,0]},"meta":{"lastBranch":4,"lastFunction":3,"lastStatement":13,"seen":{"s:3:12:8:2":0,"s:11:0:17:Infinity":1,"f:11:25:11:30":0,"s:12:16:12:45":2,"b:13:2:14:Infinity:undefined:undefined:undefined:undefined":0,"s:13:2:14:Infinity":3,"s:14:4:14:Infinity":4,"s:16:2:16:Infinity":5,"s:20:0:36:Infinity":6,"f:20:26:20:Infinity":1,"s:21:16:21:Infinity":7,"f:21:16:21:Infinity":2,"s:24:6:25:51":8,"b:24:6:24:48:25:6:25:51":1,"b:29:4:31:Infinity:undefined:undefined:undefined:undefined":2,"s:29:4:31:Infinity":9,"b:29:8:29:42:29:42:29:59":3,"s:30:6:30:Infinity":10,"s:31:6:31:Infinity":11,"s:34:4:34:Infinity":12}}}
,"C:\\Users\\Not_dtb\\Desktop\\Proyecto ecomart\\EcoMart-Ecommerce-Project\\frontend\\src\\services\\authService.ts": {"path":"C:\\Users\\Not_dtb\\Desktop\\Proyecto ecomart\\EcoMart-Ecommerce-Project\\frontend\\src\\services\\authService.ts","statementMap":{"0":{"start":{"line":23,"column":27},"end":{"line":33,"column":null}},"1":{"start":{"line":25,"column":21},"end":{"line":25,"column":73}},"2":{"start":{"line":26,"column":4},"end":{"line":26,"column":null}},"3":{"start":{"line":30,"column":21},"end":{"line":30,"column":70}},"4":{"start":{"line":31,"column":4},"end":{"line":31,"column":null}}},"fnMap":{"0":{"name":"(anonymous_0)","decl":{"start":{"line":24,"column":12},"end":{"line":24,"column":19}},"loc":{"start":{"line":24,"column":68},"end":{"line":26,"column":null}},"line":24},"1":{"name":"(anonymous_1)","decl":{"start":{"line":29,"column":9},"end":{"line":29,"column":16}},"loc":{"start":{"line":29,"column":62},"end":{"line":31,"column":null}},"line":29}},"branchMap":{},"s":{"0":2,"1":0,"2":0,"3":1,"4":1},"f":{"0":0,"1":1},"b":{},"meta":{"lastBranch":0,"lastFunction":2,"lastStatement":5,"seen":{"s:23:27:33:Infinity":0,"f:24:12:24:19":0,"s:25:21:25:73":1,"s:26:4:26:Infinity":2,"f:29:9:29:16":1,"s:30:21:30:70":3,"s:31:4:31:Infinity":4}}}
,"C:\\Users\\Not_dtb\\Desktop\\Proyecto ecomart\\EcoMart-Ecommerce-Project\\frontend\\src\\services\\carritoService.ts": {"path":"C:\\Users\\Not_dtb\\Desktop\\Proyecto ecomart\\EcoMart-Ecommerce-Project\\frontend\\src\\services\\carritoService.ts","statementMap":{"0":{"start":{"line":43,"column":30},"end":{"line":76,"column":null}},"1":{"start":{"line":45,"column":21},"end":{"line":45,"column":63}},"2":{"start":{"line":46,"column":4},"end":{"line":46,"column":null}},"3":{"start":{"line":50,"column":21},"end":{"line":50,"column":76}},"4":{"start":{"line":51,"column":4},"end":{"line":51,"column":null}},"5":{"start":{"line":58,"column":21},"end":{"line":60,"column":null}},"6":{"start":{"line":62,"column":4},"end":{"line":62,"column":null}},"7":{"start":{"line":66,"column":21},"end":{"line":67,"column":null}},"8":{"start":{"line":69,"column":4},"end":{"line":69,"column":null}},"9":{"start":{"line":73,"column":21},"end":{"line":73,"column":72}},"10":{"start":{"line":74,"column":4},"end":{"line":74,"column":null}}},"fnMap":{"0":{"name":"(anonymous_0)","decl":{"start":{"line":44,"column":18},"end":{"line":44,"column":56}},"loc":{"start":{"line":44,"column":56},"end":{"line":46,"column":null}},"line":44},"1":{"name":"(anonymous_1)","decl":{"start":{"line":49,"column":15},"end":{"line":49,"column":22}},"loc":{"start":{"line":49,"column":77},"end":{"line":51,"column":null}},"line":49},"2":{"name":"(anonymous_2)","decl":{"start":{"line":54,"column":18},"end":{"line":54,"column":null}},"loc":{"start":{"line":57,"column":33},"end":{"line":62,"column":null}},"line":57},"3":{"name":"(anonymous_3)","decl":{"start":{"line":65,"column":16},"end":{"line":65,"column":23}},"loc":{"start":{"line":65,"column":64},"end":{"line":69,"column":null}},"line":65},"4":{"name":"(anonymous_4)","decl":{"start":{"line":72,"column":12},"end":{"line":72,"column":49}},"loc":{"start":{"line":72,"column":49},"end":{"line":74,"column":null}},"line":72}},"branchMap":{},"s":{"0":3,"1":1,"2":1,"3":1,"4":1,"5":1,"6":1,"7":1,"8":1,"9":1,"10":1},"f":{"0":1,"1":1,"2":1,"3":1,"4":1},"b":{},"meta":{"lastBranch":0,"lastFunction":5,"lastStatement":11,"seen":{"s:43:30:76:Infinity":0,"f:44:18:44:56":0,"s:45:21:45:63":1,"s:46:4:46:Infinity":2,"f:49:15:49:22":1,"s:50:21:50:76":3,"s:51:4:51:Infinity":4,"f:54:18:54:Infinity":2,"s:58:21:60:Infinity":5,"s:62:4:62:Infinity":6,"f:65:16:65:23":3,"s:66:21:67:Infinity":7,"s:69:4:69:Infinity":8,"f:72:12:72:49":4,"s:73:21:73:72":9,"s:74:4:74:Infinity":10}}}
,"C:\\Users\\Not_dtb\\Desktop\\Proyecto ecomart\\EcoMart-Ecommerce-Project\\frontend\\src\\services\\pedidoService.ts": {"path":"C:\\Users\\Not_dtb\\Desktop\\Proyecto ecomart\\EcoMart-Ecommerce-Project\\frontend\\src\\services\\pedidoService.ts","statementMap":{"0":{"start":{"line":4,"column":29},"end":{"line":9,"column":null}},"1":{"start":{"line":6,"column":21},"end":{"line":6,"column":64}},"2":{"start":{"line":7,"column":4},"end":{"line":7,"column":null}}},"fnMap":{"0":{"name":"(anonymous_0)","decl":{"start":{"line":5,"column":17},"end":{"line":5,"column":56}},"loc":{"start":{"line":5,"column":56},"end":{"line":9,"column":null}},"line":5}},"branchMap":{},"s":{"0":1,"1":1,"2":1},"f":{"0":1},"b":{},"meta":{"lastBranch":0,"lastFunction":1,"lastStatement":3,"seen":{"s:4:29:9:Infinity":0,"f:5:17:5:56":0,"s:6:21:6:64":1,"s:7:4:7:Infinity":2}}}
,"C:\\Users\\Not_dtb\\Desktop\\Proyecto ecomart\\EcoMart-Ecommerce-Project\\frontend\\src\\services\\productoService.ts": {"path":"C:\\Users\\Not_dtb\\Desktop\\Proyecto ecomart\\EcoMart-Ecommerce-Project\\frontend\\src\\services\\productoService.ts","statementMap":{"0":{"start":{"line":14,"column":31},"end":{"line":19,"column":null}},"1":{"start":{"line":16,"column":21},"end":{"line":16,"column":68}},"2":{"start":{"line":17,"column":4},"end":{"line":17,"column":null}}},"fnMap":{"0":{"name":"(anonymous_0)","decl":{"start":{"line":15,"column":19},"end":{"line":15,"column":60}},"loc":{"start":{"line":15,"column":60},"end":{"line":19,"column":null}},"line":15}},"branchMap":{},"s":{"0":3,"1":1,"2":1},"f":{"0":1},"b":{},"meta":{"lastBranch":0,"lastFunction":1,"lastStatement":3,"seen":{"s:14:31:19:Infinity":0,"f:15:19:15:60":0,"s:16:21:16:68":1,"s:17:4:17:Infinity":2}}}
,"C:\\Users\\Not_dtb\\Desktop\\Proyecto ecomart\\EcoMart-Ecommerce-Project\\frontend\\src\\utils\\formatCurrency.ts": {"path":"C:\\Users\\Not_dtb\\Desktop\\Proyecto ecomart\\EcoMart-Ecommerce-Project\\frontend\\src\\utils\\formatCurrency.ts","statementMap":{"0":{"start":{"line":1,"column":13},"end":{"line":6,"column":null}},"1":{"start":{"line":2,"column":2},"end":{"line":6,"column":null}}},"fnMap":{"0":{"name":"(anonymous_0)","decl":{"start":{"line":1,"column":13},"end":{"line":1,"column":31}},"loc":{"start":{"line":1,"column":57},"end":{"line":6,"column":null}},"line":1}},"branchMap":{},"s":{"0":3,"1":23},"f":{"0":23},"b":{},"meta":{"lastBranch":0,"lastFunction":1,"lastStatement":2,"seen":{"s:1:13:6:Infinity":0,"f:1:13:1:31":0,"s:2:2:6:Infinity":1}}}
}
